app/build/outputs/logs/manifest-merger-debug-report.txt
-- Merging decision tree log ---
provider#org.apache.cordova.camera.FileProvider
INJECTED from src/main/AndroidManifest.xml:56:9-64:20
	android:grantUriPermissions
		ADDED from src/main/AndroidManifest.xml:60:13-47
	android:authorities
		INJECTED from src/main/AndroidManifest.xml
		ADDED from src/main/AndroidManifest.xml:58:13-60
	android:exported
		ADDED from src/main/AndroidManifest.xml:59:13-37
	android:name
		ADDED from src/main/AndroidManifest.xml:57:13-66
manifest
ADDED from src/main/AndroidManifest.xml:2:1-73:12
INJECTED from src/main/AndroidManifest.xml:2:1-73:12
INJECTED from src/main/AndroidManifest.xml:2:1-73:12
INJECTED from src/main/AndroidManifest.xml:2:1-73:12
MERGED from [:CordovaLib] AndroidManifest.xml:20:1-27:12
MERGED from [com.android.support:appcompat-v7:26.1.0] AndroidManifest.xml:17:1-31:12
MERGED from [com.android.support:support-v4:26.1.0] AndroidManifest.xml:17:1-31:12
MERGED from [com.umeng.sdk:push:4.1.0] AndroidManifest.xml:2:1-165:12
MERGED from [com.android.support:animated-vector-drawable:26.1.0] AndroidManifest.xml:17:1-28:12
MERGED from [com.android.support:support-vector-drawable:26.1.0] AndroidManifest.xml:17:1-28:12
MERGED from [com.android.support:support-fragment:26.1.0] AndroidManifest.xml:17:1-31:12
MERGED from [com.android.support:support-core-ui:26.1.0] AndroidManifest.xml:17:1-31:12
MERGED from [com.android.support:support-media-compat:26.1.0] AndroidManifest.xml:17:1-31:12
MERGED from [com.android.support:support-core-utils:26.1.0] AndroidManifest.xml:17:1-31:12
MERGED from [com.android.support:support-compat:26.1.0] AndroidManifest.xml:17:1-31:12
MERGED from [android.arch.lifecycle:runtime:1.0.0] AndroidManifest.xml:17:1-30:12
INJECTED from src/main/AndroidManifest.xml:2:1-73:12
INJECTED from src/main/AndroidManifest.xml:2:1-73:12
INJECTED from src/main/AndroidManifest.xml:2:1-73:12
	package
		ADDED from src/main/AndroidManifest.xml:3:5-33
		INJECTED from src/main/AndroidManifest.xml
		INJECTED from src/main/AndroidManifest.xml
	android:versionName
		ADDED from src/main/AndroidManifest.xml:6:5-32
		INJECTED from src/main/AndroidManifest.xml
		INJECTED from src/main/AndroidManifest.xml
	android:hardwareAccelerated
		ADDED from src/main/AndroidManifest.xml:4:5-39
	xmlns:android
		ADDED from src/main/AndroidManifest.xml:2:11-69
	android:versionCode
		ADDED from src/main/AndroidManifest.xml:5:5-32
		INJECTED from src/main/AndroidManifest.xml
		INJECTED from src/main/AndroidManifest.xml
meta-data#UMENG_APPKEY
ADDED from src/main/AndroidManifest.xml:8:5-10:52
	android:value
		ADDED from src/main/AndroidManifest.xml:10:9-49
	android:name
		ADDED from src/main/AndroidManifest.xml:9:9-36
supports-screens
ADDED from src/main/AndroidManifest.xml:12:5-18:40
	android:largeScreens
		ADDED from src/main/AndroidManifest.xml:14:9-36
	android:smallScreens
		ADDED from src/main/AndroidManifest.xml:17:9-36
	android:normalScreens
		ADDED from src/main/AndroidManifest.xml:15:9-37
	android:xlargeScreens
		ADDED from src/main/AndroidManifest.xml:18:9-37
	android:resizeable
		ADDED from src/main/AndroidManifest.xml:16:9-34
	android:anyDensity
		ADDED from src/main/AndroidManifest.xml:13:9-34
uses-permission#android.permission.ACCESS_NETWORK_STATE
ADDED from src/main/AndroidManifest.xml:22:5-79
MERGED from [com.umeng.sdk:push:4.1.0] AndroidManifest.xml:12:5-79
MERGED from [com.umeng.sdk:push:4.1.0] AndroidManifest.xml:12:5-79
	android:name
		ADDED from src/main/AndroidManifest.xml:22:22-76
uses-permission#android.permission.ACCESS_WIFI_STATE
ADDED from src/main/AndroidManifest.xml:23:5-76
MERGED from [com.umeng.sdk:push:4.1.0] AndroidManifest.xml:13:5-76
MERGED from [com.umeng.sdk:push:4.1.0] AndroidManifest.xml:13:5-76
	android:name
		ADDED from src/main/AndroidManifest.xml:23:22-73
uses-permission#android.permission.READ_PHONE_STATE
ADDED from src/main/AndroidManifest.xml:24:5-75
MERGED from [com.umeng.sdk:push:4.1.0] AndroidManifest.xml:16:5-75
MERGED from [com.umeng.sdk:push:4.1.0] AndroidManifest.xml:16:5-75
	android:name
		ADDED from src/main/AndroidManifest.xml:24:22-72
uses-permission#android.permission.INTERNET
ADDED from src/main/AndroidManifest.xml:25:5-67
MERGED from [com.umeng.sdk:push:4.1.0] AndroidManifest.xml:11:5-67
MERGED from [com.umeng.sdk:push:4.1.0] AndroidManifest.xml:11:5-67
	android:name
		ADDED from src/main/AndroidManifest.xml:25:22-64
uses-permission#android.permission.ACCESS_COARSE_LOCATION
ADDED from src/main/AndroidManifest.xml:29:5-81
	android:name
		ADDED from src/main/AndroidManifest.xml:29:22-78
uses-permission#android.permission.ACCESS_FINE_LOCATION
ADDED from src/main/AndroidManifest.xml:30:5-79
	android:name
		ADDED from src/main/AndroidManifest.xml:30:22-76
uses-permission#android.permission.CHANGE_WIFI_STATE
ADDED from src/main/AndroidManifest.xml:31:5-76
MERGED from [com.umeng.sdk:push:4.1.0] AndroidManifest.xml:25:5-76
MERGED from [com.umeng.sdk:push:4.1.0] AndroidManifest.xml:25:5-76
	android:name
		ADDED from src/main/AndroidManifest.xml:31:22-73
uses-permission#android.permission.WRITE_EXTERNAL_STORAGE
ADDED from src/main/AndroidManifest.xml:32:5-81
MERGED from [com.umeng.sdk:push:4.1.0] AndroidManifest.xml:14:5-81
MERGED from [com.umeng.sdk:push:4.1.0] AndroidManifest.xml:14:5-81
	android:name
		ADDED from src/main/AndroidManifest.xml:32:22-78
uses-permission#android.permission.CAMERA
ADDED from src/main/AndroidManifest.xml:34:5-64
	android:name
		ADDED from src/main/AndroidManifest.xml:34:22-62
uses-permission#android.permission.READ_EXTERNAL_STORAGE
ADDED from src/main/AndroidManifest.xml:35:5-79
	android:name
		ADDED from src/main/AndroidManifest.xml:35:22-77
application
ADDED from src/main/AndroidManifest.xml:38:5-65:19
MERGED from [com.android.support:appcompat-v7:26.1.0] AndroidManifest.xml:25:5-29:19
MERGED from [com.android.support:appcompat-v7:26.1.0] AndroidManifest.xml:25:5-29:19
MERGED from [com.android.support:support-v4:26.1.0] AndroidManifest.xml:25:5-29:19
MERGED from [com.android.support:support-v4:26.1.0] AndroidManifest.xml:25:5-29:19
MERGED from [com.umeng.sdk:push:4.1.0] AndroidManifest.xml:27:5-163:19
MERGED from [com.umeng.sdk:push:4.1.0] AndroidManifest.xml:27:5-163:19
MERGED from [com.android.support:animated-vector-drawable:26.1.0] AndroidManifest.xml:22:5-26:19
MERGED from [com.android.support:animated-vector-drawable:26.1.0] AndroidManifest.xml:22:5-26:19
MERGED from [com.android.support:support-vector-drawable:26.1.0] AndroidManifest.xml:22:5-26:19
MERGED from [com.android.support:support-vector-drawable:26.1.0] AndroidManifest.xml:22:5-26:19
MERGED from [com.android.support:support-fragment:26.1.0] AndroidManifest.xml:25:5-29:19
MERGED from [com.android.support:support-fragment:26.1.0] AndroidManifest.xml:25:5-29:19
MERGED from [com.android.support:support-core-ui:26.1.0] AndroidManifest.xml:25:5-29:19
MERGED from [com.android.support:support-core-ui:26.1.0] AndroidManifest.xml:25:5-29:19
MERGED from [com.android.support:support-media-compat:26.1.0] AndroidManifest.xml:25:5-29:19
MERGED from [com.android.support:support-media-compat:26.1.0] AndroidManifest.xml:25:5-29:19
MERGED from [com.android.support:support-core-utils:26.1.0] AndroidManifest.xml:25:5-29:19
MERGED from [com.android.support:support-core-utils:26.1.0] AndroidManifest.xml:25:5-29:19
MERGED from [com.android.support:support-compat:26.1.0] AndroidManifest.xml:25:5-29:19
MERGED from [com.android.support:support-compat:26.1.0] AndroidManifest.xml:25:5-29:19
MERGED from [android.arch.lifecycle:runtime:1.0.0] AndroidManifest.xml:24:5-28:19
MERGED from [android.arch.lifecycle:runtime:1.0.0] AndroidManifest.xml:24:5-28:19
	android:supportsRtl
		ADDED from src/main/AndroidManifest.xml:43:9-35
	android:label
		ADDED from src/main/AndroidManifest.xml:42:9-41
	android:hardwareAccelerated
		ADDED from src/main/AndroidManifest.xml:40:9-43
	android:icon
		ADDED from src/main/AndroidManifest.xml:41:9-36
	android:name
		ADDED from src/main/AndroidManifest.xml:39:9-41
activity#com.efeiyi.bigwiki.MainActivity
ADDED from src/main/AndroidManifest.xml:44:9-55:20
	android:label
		ADDED from src/main/AndroidManifest.xml:47:13-50
	android:launchMode
		ADDED from src/main/AndroidManifest.xml:48:13-43
	android:windowSoftInputMode
		ADDED from src/main/AndroidManifest.xml:50:13-55
	android:configChanges
		ADDED from src/main/AndroidManifest.xml:46:13-90
	android:theme
		ADDED from src/main/AndroidManifest.xml:49:13-44
	android:name
		ADDED from src/main/AndroidManifest.xml:45:13-40
intent-filter#action:name:android.intent.action.MAIN+category:name:android.intent.category.LAUNCHER
ADDED from src/main/AndroidManifest.xml:51:13-54:29
	android:label
		ADDED from src/main/AndroidManifest.xml:51:28-65
action#android.intent.action.MAIN
ADDED from src/main/AndroidManifest.xml:52:17-69
	android:name
		ADDED from src/main/AndroidManifest.xml:52:25-66
category#android.intent.category.LAUNCHER
ADDED from src/main/AndroidManifest.xml:53:17-77
	android:name
		ADDED from src/main/AndroidManifest.xml:53:27-74
uses-sdk
ADDED from src/main/AndroidManifest.xml:67:5-69:41
MERGED from [:CordovaLib] AndroidManifest.xml:25:5-44
MERGED from [:CordovaLib] AndroidManifest.xml:25:5-44
MERGED from [com.android.support:appcompat-v7:26.1.0] AndroidManifest.xml:21:5-23:78
MERGED from [com.android.support:appcompat-v7:26.1.0] AndroidManifest.xml:21:5-23:78
MERGED from [com.android.support:support-v4:26.1.0] AndroidManifest.xml:21:5-23:54
MERGED from [com.android.support:support-v4:26.1.0] AndroidManifest.xml:21:5-23:54
MERGED from [com.umeng.sdk:push:4.1.0] AndroidManifest.xml:7:5-9:41
MERGED from [com.umeng.sdk:push:4.1.0] AndroidManifest.xml:7:5-9:41
MERGED from [com.android.support:animated-vector-drawable:26.1.0] AndroidManifest.xml:20:5-44
MERGED from [com.android.support:animated-vector-drawable:26.1.0] AndroidManifest.xml:20:5-44
MERGED from [com.android.support:support-vector-drawable:26.1.0] AndroidManifest.xml:20:5-44
MERGED from [com.android.support:support-vector-drawable:26.1.0] AndroidManifest.xml:20:5-44
MERGED from [com.android.support:support-fragment:26.1.0] AndroidManifest.xml:21:5-23:60
MERGED from [com.android.support:support-fragment:26.1.0] AndroidManifest.xml:21:5-23:60
MERGED from [com.android.support:support-core-ui:26.1.0] AndroidManifest.xml:21:5-23:58
MERGED from [com.android.support:support-core-ui:26.1.0] AndroidManifest.xml:21:5-23:58
MERGED from [com.android.support:support-media-compat:26.1.0] AndroidManifest.xml:21:5-23:63
MERGED from [com.android.support:support-media-compat:26.1.0] AndroidManifest.xml:21:5-23:63
MERGED from [com.android.support:support-core-utils:26.1.0] AndroidManifest.xml:21:5-23:61
MERGED from [com.android.support:support-core-utils:26.1.0] AndroidManifest.xml:21:5-23:61
MERGED from [com.android.support:support-compat:26.1.0] AndroidManifest.xml:21:5-23:58
MERGED from [com.android.support:support-compat:26.1.0] AndroidManifest.xml:21:5-23:58
MERGED from [android.arch.lifecycle:runtime:1.0.0] AndroidManifest.xml:20:5-22:41
MERGED from [android.arch.lifecycle:runtime:1.0.0] AndroidManifest.xml:20:5-22:41
	tools:overrideLibrary
		ADDED from [com.android.support:appcompat-v7:26.1.0] AndroidManifest.xml:23:9-75
	android:targetSdkVersion
		ADDED from src/main/AndroidManifest.xml:69:9-38
	android:minSdkVersion
		ADDED from src/main/AndroidManifest.xml:68:9-35
meta-data#android.support.FILE_PROVIDER_PATHS
ADDED from src/main/AndroidManifest.xml:61:13-63:65
	android:resource
		ADDED from src/main/AndroidManifest.xml:63:17-62
	android:name
		ADDED from src/main/AndroidManifest.xml:62:17-67
meta-data#android.support.VERSION
ADDED from [com.android.support:appcompat-v7:26.1.0] AndroidManifest.xml:26:9-28:38
MERGED from [com.android.support:support-v4:26.1.0] AndroidManifest.xml:26:9-28:38
MERGED from [com.android.support:support-v4:26.1.0] AndroidManifest.xml:26:9-28:38
MERGED from [com.android.support:animated-vector-drawable:26.1.0] AndroidManifest.xml:23:9-25:38
MERGED from [com.android.support:animated-vector-drawable:26.1.0] AndroidManifest.xml:23:9-25:38
MERGED from [com.android.support:support-vector-drawable:26.1.0] AndroidManifest.xml:23:9-25:38
MERGED from [com.android.support:support-vector-drawable:26.1.0] AndroidManifest.xml:23:9-25:38
MERGED from [com.android.support:support-fragment:26.1.0] AndroidManifest.xml:26:9-28:38
MERGED from [com.android.support:support-fragment:26.1.0] AndroidManifest.xml:26:9-28:38
MERGED from [com.android.support:support-core-ui:26.1.0] AndroidManifest.xml:26:9-28:38
MERGED from [com.android.support:support-core-ui:26.1.0] AndroidManifest.xml:26:9-28:38
MERGED from [com.android.support:support-media-compat:26.1.0] AndroidManifest.xml:26:9-28:38
MERGED from [com.android.support:support-media-compat:26.1.0] AndroidManifest.xml:26:9-28:38
MERGED from [com.android.support:support-core-utils:26.1.0] AndroidManifest.xml:26:9-28:38
MERGED from [com.android.support:support-core-utils:26.1.0] AndroidManifest.xml:26:9-28:38
MERGED from [com.android.support:support-compat:26.1.0] AndroidManifest.xml:26:9-28:38
MERGED from [com.android.support:support-compat:26.1.0] AndroidManifest.xml:26:9-28:38
	android:value
		ADDED from [com.android.support:appcompat-v7:26.1.0] AndroidManifest.xml:28:13-35
	android:name
		ADDED from [com.android.support:appcompat-v7:26.1.0] AndroidManifest.xml:27:13-51
uses-permission#android.permission.WAKE_LOCK
ADDED from [com.umeng.sdk:push:4.1.0] AndroidManifest.xml:15:5-68
	android:name
		ADDED from [com.umeng.sdk:push:4.1.0] AndroidManifest.xml:15:22-65
uses-permission#android.permission.BROADCAST_PACKAGE_ADDED
ADDED from [com.umeng.sdk:push:4.1.0] AndroidManifest.xml:17:5-82
	android:name
		ADDED from [com.umeng.sdk:push:4.1.0] AndroidManifest.xml:17:22-79
uses-permission#android.permission.BROADCAST_PACKAGE_CHANGED
ADDED from [com.umeng.sdk:push:4.1.0] AndroidManifest.xml:18:5-84
	android:name
		ADDED from [com.umeng.sdk:push:4.1.0] AndroidManifest.xml:18:22-81
uses-permission#android.permission.BROADCAST_PACKAGE_INSTALL
ADDED from [com.umeng.sdk:push:4.1.0] AndroidManifest.xml:19:5-84
	android:name
		ADDED from [com.umeng.sdk:push:4.1.0] AndroidManifest.xml:19:22-81
uses-permission#android.permission.BROADCAST_PACKAGE_REPLACED
ADDED from [com.umeng.sdk:push:4.1.0] AndroidManifest.xml:20:5-85
	android:name
		ADDED from [com.umeng.sdk:push:4.1.0] AndroidManifest.xml:20:22-82
uses-permission#android.permission.RESTART_PACKAGES
ADDED from [com.umeng.sdk:push:4.1.0] AndroidManifest.xml:21:5-75
	android:name
		ADDED from [com.umeng.sdk:push:4.1.0] AndroidManifest.xml:21:22-72
uses-permission#android.permission.GET_TASKS
ADDED from [com.umeng.sdk:push:4.1.0] AndroidManifest.xml:22:5-68
	android:name
		ADDED from [com.umeng.sdk:push:4.1.0] AndroidManifest.xml:22:22-65
uses-permission#android.permission.RECEIVE_BOOT_COMPLETED
ADDED from [com.umeng.sdk:push:4.1.0] AndroidManifest.xml:23:5-81
	android:name
		ADDED from [com.umeng.sdk:push:4.1.0] AndroidManifest.xml:23:22-78
uses-permission#android.permission.CHANGE_NETWORK_STATE
ADDED from [com.umeng.sdk:push:4.1.0] AndroidManifest.xml:24:5-79
	android:name
		ADDED from [com.umeng.sdk:push:4.1.0] AndroidManifest.xml:24:22-76
service#com.taobao.accs.ChannelService
ADDED from [com.umeng.sdk:push:4.1.0] AndroidManifest.xml:28:9-38:19
	android:process
		ADDED from [com.umeng.sdk:push:4.1.0] AndroidManifest.xml:31:13-39
	android:exported
		ADDED from [com.umeng.sdk:push:4.1.0] AndroidManifest.xml:30:13-36
	android:name
		ADDED from [com.umeng.sdk:push:4.1.0] AndroidManifest.xml:29:13-58
intent-filter#action:name:com.taobao.accs.intent.action.SERVICE
ADDED from [com.umeng.sdk:push:4.1.0] AndroidManifest.xml:32:13-34:29
action#com.taobao.accs.intent.action.SERVICE
ADDED from [com.umeng.sdk:push:4.1.0] AndroidManifest.xml:33:17-80
	android:name
		ADDED from [com.umeng.sdk:push:4.1.0] AndroidManifest.xml:33:25-77
intent-filter#action:name:com.taobao.accs.intent.action.ELECTION
ADDED from [com.umeng.sdk:push:4.1.0] AndroidManifest.xml:35:13-37:29
action#com.taobao.accs.intent.action.ELECTION
ADDED from [com.umeng.sdk:push:4.1.0] AndroidManifest.xml:36:17-81
	android:name
		ADDED from [com.umeng.sdk:push:4.1.0] AndroidManifest.xml:36:25-78
service#com.taobao.accs.data.MsgDistributeService
ADDED from [com.umeng.sdk:push:4.1.0] AndroidManifest.xml:39:9-45:19
	android:exported
		ADDED from [com.umeng.sdk:push:4.1.0] AndroidManifest.xml:41:13-36
	android:name
		ADDED from [com.umeng.sdk:push:4.1.0] AndroidManifest.xml:40:13-69
intent-filter#action:name:com.taobao.accs.intent.action.RECEIVE
ADDED from [com.umeng.sdk:push:4.1.0] AndroidManifest.xml:42:13-44:29
action#com.taobao.accs.intent.action.RECEIVE
ADDED from [com.umeng.sdk:push:4.1.0] AndroidManifest.xml:43:17-80
	android:name
		ADDED from [com.umeng.sdk:push:4.1.0] AndroidManifest.xml:43:25-77
receiver#com.taobao.accs.EventReceiver
ADDED from [com.umeng.sdk:push:4.1.0] AndroidManifest.xml:47:9-64:20
	android:process
		ADDED from [com.umeng.sdk:push:4.1.0] AndroidManifest.xml:49:13-39
	android:name
		ADDED from [com.umeng.sdk:push:4.1.0] AndroidManifest.xml:48:13-57
intent-filter#action:name:android.intent.action.BOOT_COMPLETED
ADDED from [com.umeng.sdk:push:4.1.0] AndroidManifest.xml:50:13-52:29
action#android.intent.action.BOOT_COMPLETED
ADDED from [com.umeng.sdk:push:4.1.0] AndroidManifest.xml:51:17-79
	android:name
		ADDED from [com.umeng.sdk:push:4.1.0] AndroidManifest.xml:51:25-76
intent-filter#action:name:android.net.conn.CONNECTIVITY_CHANGE
ADDED from [com.umeng.sdk:push:4.1.0] AndroidManifest.xml:53:13-55:29
action#android.net.conn.CONNECTIVITY_CHANGE
ADDED from [com.umeng.sdk:push:4.1.0] AndroidManifest.xml:54:17-79
	android:name
		ADDED from [com.umeng.sdk:push:4.1.0] AndroidManifest.xml:54:25-76
intent-filter#action:name:android.intent.action.PACKAGE_REMOVED+data:scheme:package
ADDED from [com.umeng.sdk:push:4.1.0] AndroidManifest.xml:56:13-60:29
action#android.intent.action.PACKAGE_REMOVED
ADDED from [com.umeng.sdk:push:4.1.0] AndroidManifest.xml:57:17-80
	android:name
		ADDED from [com.umeng.sdk:push:4.1.0] AndroidManifest.xml:57:25-77
data
ADDED from [com.umeng.sdk:push:4.1.0] AndroidManifest.xml:59:17-50
	android:scheme
		ADDED from [com.umeng.sdk:push:4.1.0] AndroidManifest.xml:59:23-47
intent-filter#action:name:android.intent.action.USER_PRESENT
ADDED from [com.umeng.sdk:push:4.1.0] AndroidManifest.xml:61:13-63:29
action#android.intent.action.USER_PRESENT
ADDED from [com.umeng.sdk:push:4.1.0] AndroidManifest.xml:62:17-77
	android:name
		ADDED from [com.umeng.sdk:push:4.1.0] AndroidManifest.xml:62:25-74
receiver#com.taobao.accs.ServiceReceiver
ADDED from [com.umeng.sdk:push:4.1.0] AndroidManifest.xml:65:9-74:20
	android:process
		ADDED from [com.umeng.sdk:push:4.1.0] AndroidManifest.xml:67:13-39
	android:name
		ADDED from [com.umeng.sdk:push:4.1.0] AndroidManifest.xml:66:13-59
intent-filter#action:name:com.taobao.accs.intent.action.COMMAND
ADDED from [com.umeng.sdk:push:4.1.0] AndroidManifest.xml:68:13-70:29
action#com.taobao.accs.intent.action.COMMAND
ADDED from [com.umeng.sdk:push:4.1.0] AndroidManifest.xml:69:17-80
	android:name
		ADDED from [com.umeng.sdk:push:4.1.0] AndroidManifest.xml:69:25-77
intent-filter#action:name:com.taobao.accs.intent.action.START_FROM_AGOO
ADDED from [com.umeng.sdk:push:4.1.0] AndroidManifest.xml:71:13-73:29
action#com.taobao.accs.intent.action.START_FROM_AGOO
ADDED from [com.umeng.sdk:push:4.1.0] AndroidManifest.xml:72:17-88
	android:name
		ADDED from [com.umeng.sdk:push:4.1.0] AndroidManifest.xml:72:25-85
service#com.taobao.accs.internal.AccsJobService
ADDED from [com.umeng.sdk:push:4.1.0] AndroidManifest.xml:76:9-79:42
	android:process
		ADDED from [com.umeng.sdk:push:4.1.0] AndroidManifest.xml:79:13-39
	android:permission
		ADDED from [com.umeng.sdk:push:4.1.0] AndroidManifest.xml:78:13-69
	android:name
		ADDED from [com.umeng.sdk:push:4.1.0] AndroidManifest.xml:77:13-67
service#com.taobao.accs.ChannelService$KernelService
ADDED from [com.umeng.sdk:push:4.1.0] AndroidManifest.xml:80:9-82:42
	android:process
		ADDED from [com.umeng.sdk:push:4.1.0] AndroidManifest.xml:82:13-39
	android:name
		ADDED from [com.umeng.sdk:push:4.1.0] AndroidManifest.xml:81:13-72
service#org.android.agoo.accs.AgooService
ADDED from [com.umeng.sdk:push:4.1.0] AndroidManifest.xml:83:9-89:19
	android:exported
		ADDED from [com.umeng.sdk:push:4.1.0] AndroidManifest.xml:85:13-36
	android:name
		ADDED from [com.umeng.sdk:push:4.1.0] AndroidManifest.xml:84:13-61
service#com.umeng.message.UmengIntentService
ADDED from [com.umeng.sdk:push:4.1.0] AndroidManifest.xml:90:9-97:19
	android:process
		ADDED from [com.umeng.sdk:push:4.1.0] AndroidManifest.xml:93:13-39
	android:exported
		ADDED from [com.umeng.sdk:push:4.1.0] AndroidManifest.xml:92:13-36
	android:name
		ADDED from [com.umeng.sdk:push:4.1.0] AndroidManifest.xml:91:13-64
intent-filter#action:name:org.agoo.android.intent.action.RECEIVE
ADDED from [com.umeng.sdk:push:4.1.0] AndroidManifest.xml:94:13-96:29
action#org.agoo.android.intent.action.RECEIVE
ADDED from [com.umeng.sdk:push:4.1.0] AndroidManifest.xml:95:17-81
	android:name
		ADDED from [com.umeng.sdk:push:4.1.0] AndroidManifest.xml:95:25-78
service#com.umeng.message.XiaomiIntentService
ADDED from [com.umeng.sdk:push:4.1.0] AndroidManifest.xml:98:9-105:19
	android:process
		ADDED from [com.umeng.sdk:push:4.1.0] AndroidManifest.xml:101:13-39
	android:exported
		ADDED from [com.umeng.sdk:push:4.1.0] AndroidManifest.xml:100:13-36
	android:name
		ADDED from [com.umeng.sdk:push:4.1.0] AndroidManifest.xml:99:13-65
receiver#com.taobao.agoo.AgooCommondReceiver
ADDED from [com.umeng.sdk:push:4.1.0] AndroidManifest.xml:107:9-119:20
	android:process
		ADDED from [com.umeng.sdk:push:4.1.0] AndroidManifest.xml:110:13-39
	android:exported
		ADDED from [com.umeng.sdk:push:4.1.0] AndroidManifest.xml:109:13-36
	android:name
		ADDED from [com.umeng.sdk:push:4.1.0] AndroidManifest.xml:108:13-63
intent-filter#action:name:${applicationId}.intent.action.COMMAND
ADDED from [com.umeng.sdk:push:4.1.0] AndroidManifest.xml:111:13-113:29
intent-filter#action:name:com.efeiyi.bigwiki.intent.action.COMMAND
ADDED from [com.umeng.sdk:push:4.1.0] AndroidManifest.xml:111:13-113:29
action#${applicationId}.intent.action.COMMAND
ADDED from [com.umeng.sdk:push:4.1.0] AndroidManifest.xml:112:17-81
	android:name
		ADDED from [com.umeng.sdk:push:4.1.0] AndroidManifest.xml:112:25-78
action#com.efeiyi.bigwiki.intent.action.COMMAND
ADDED from [com.umeng.sdk:push:4.1.0] AndroidManifest.xml:112:17-81
	android:name
		ADDED from [com.umeng.sdk:push:4.1.0] AndroidManifest.xml:112:25-78
service#com.umeng.message.UmengMessageIntentReceiverService
ADDED from [com.umeng.sdk:push:4.1.0] AndroidManifest.xml:121:9-128:19
	android:process
		ADDED from [com.umeng.sdk:push:4.1.0] AndroidManifest.xml:124:13-39
	android:exported
		ADDED from [com.umeng.sdk:push:4.1.0] AndroidManifest.xml:123:13-36
	android:name
		ADDED from [com.umeng.sdk:push:4.1.0] AndroidManifest.xml:122:13-79
intent-filter#action:name:org.android.agoo.client.MessageReceiverService
ADDED from [com.umeng.sdk:push:4.1.0] AndroidManifest.xml:125:13-127:29
action#org.android.agoo.client.MessageReceiverService
ADDED from [com.umeng.sdk:push:4.1.0] AndroidManifest.xml:126:17-89
	android:name
		ADDED from [com.umeng.sdk:push:4.1.0] AndroidManifest.xml:126:25-86
receiver#com.umeng.message.NotificationProxyBroadcastReceiver
ADDED from [com.umeng.sdk:push:4.1.0] AndroidManifest.xml:130:9-132:40
	android:exported
		ADDED from [com.umeng.sdk:push:4.1.0] AndroidManifest.xml:132:13-37
	android:name
		ADDED from [com.umeng.sdk:push:4.1.0] AndroidManifest.xml:131:13-80
service#com.umeng.message.UmengMessageCallbackHandlerService
ADDED from [com.umeng.sdk:push:4.1.0] AndroidManifest.xml:134:9-152:19
	android:exported
		ADDED from [com.umeng.sdk:push:4.1.0] AndroidManifest.xml:136:13-37
	android:name
		ADDED from [com.umeng.sdk:push:4.1.0] AndroidManifest.xml:135:13-80
intent-filter#action:name:com.umeng.messge.registercallback.action
ADDED from [com.umeng.sdk:push:4.1.0] AndroidManifest.xml:137:13-139:29
action#com.umeng.messge.registercallback.action
ADDED from [com.umeng.sdk:push:4.1.0] AndroidManifest.xml:138:17-83
	android:name
		ADDED from [com.umeng.sdk:push:4.1.0] AndroidManifest.xml:138:25-80
intent-filter#action:name:com.umeng.message.enablecallback.action
ADDED from [com.umeng.sdk:push:4.1.0] AndroidManifest.xml:140:13-142:29
action#com.umeng.message.enablecallback.action
ADDED from [com.umeng.sdk:push:4.1.0] AndroidManifest.xml:141:17-82
	android:name
		ADDED from [com.umeng.sdk:push:4.1.0] AndroidManifest.xml:141:25-79
intent-filter#action:name:com.umeng.message.disablecallback.action
ADDED from [com.umeng.sdk:push:4.1.0] AndroidManifest.xml:143:13-145:29
action#com.umeng.message.disablecallback.action
ADDED from [com.umeng.sdk:push:4.1.0] AndroidManifest.xml:144:17-83
	android:name
		ADDED from [com.umeng.sdk:push:4.1.0] AndroidManifest.xml:144:25-80
intent-filter#action:name:com.umeng.message.message.handler.action
ADDED from [com.umeng.sdk:push:4.1.0] AndroidManifest.xml:146:13-148:29
action#com.umeng.message.message.handler.action
ADDED from [com.umeng.sdk:push:4.1.0] AndroidManifest.xml:147:17-83
	android:name
		ADDED from [com.umeng.sdk:push:4.1.0] AndroidManifest.xml:147:25-80
intent-filter#action:name:com.umeng.message.message.sendmessage.action
ADDED from [com.umeng.sdk:push:4.1.0] AndroidManifest.xml:149:13-151:29
action#com.umeng.message.message.sendmessage.action
ADDED from [com.umeng.sdk:push:4.1.0] AndroidManifest.xml:150:17-87
	android:name
		ADDED from [com.umeng.sdk:push:4.1.0] AndroidManifest.xml:150:25-84
service#com.umeng.message.UmengDownloadResourceService
ADDED from [com.umeng.sdk:push:4.1.0] AndroidManifest.xml:153:9-155:40
	android:exported
		ADDED from [com.umeng.sdk:push:4.1.0] AndroidManifest.xml:155:13-37
	android:name
		ADDED from [com.umeng.sdk:push:4.1.0] AndroidManifest.xml:154:13-74
provider#com.umeng.message.provider.MessageProvider
ADDED from [com.umeng.sdk:push:4.1.0] AndroidManifest.xml:157:9-162:20
	android:authorities
		ADDED from [com.umeng.sdk:push:4.1.0] AndroidManifest.xml:159:13-65
	android:exported
		ADDED from [com.umeng.sdk:push:4.1.0] AndroidManifest.xml:160:13-37
	android:name
		ADDED from [com.umeng.sdk:push:4.1.0] AndroidManifest.xml:158:13-70
grant-uri-permission
ADDED from [com.umeng.sdk:push:4.1.0] AndroidManifest.xml:161:13-62
	android:pathPattern
		ADDED from [com.umeng.sdk:push:4.1.0] AndroidManifest.xml:161:35-59
meta-data#android.arch.lifecycle.VERSION
ADDED from [android.arch.lifecycle:runtime:1.0.0] AndroidManifest.xml:25:9-27:47
	android:value
		ADDED from [android.arch.lifecycle:runtime:1.0.0] AndroidManifest.xml:27:13-44
	android:name
		ADDED from [android.arch.lifecycle:runtime:1.0.0] AndroidManifest.xml:26:13-58